2025-11-13 01:27:29,382 - __main__ - INFO - Starting Crypto Exchange Analyzer - Pipe and Filter Architecture
2025-11-13 01:27:29,383 - utils.timer - INFO - Starting Complete Crypto Exchange Data Pipeline...
2025-11-13 01:27:29,383 - __main__ - INFO - 🔍 FILTER 1: Downloading and validating cryptocurrency symbols
2025-11-13 01:27:29,383 - filters.symbol_filter - INFO - Starting symbol filter: Fetching top cryptocurrencies
2025-11-13 01:27:39,893 - utils.csv_manager - INFO - Saved 100 symbols to data\symbols\crypto_symbols_20251113_012739.csv
2025-11-13 01:27:39,893 - filters.symbol_filter - INFO - Symbol filter completed: Found 100 valid cryptocurrencies
2025-11-13 01:27:39,907 - __main__ - INFO - ✅ FILTER 1 COMPLETED: 100 valid symbols retrieved
2025-11-13 01:27:39,908 - __main__ - INFO - 📅 FILTER 2: Checking existing data dates and update requirements
2025-11-13 01:27:39,908 - filters.date_check_filter - INFO - Starting date check filter
2025-11-13 01:27:39,962 - filters.date_check_filter - INFO - Date check completed: 82/100 need updates
2025-11-13 01:27:39,962 - __main__ - INFO - ✅ FILTER 2 COMPLETED: 82/100 require updates
2025-11-13 01:27:39,962 - __main__ - INFO - 📥 FILTER 3: Downloading and processing missing exchange data
2025-11-13 01:27:39,962 - filters.data_fill_filter - INFO - Starting data fill filter
2025-11-13 01:27:39,962 - filters.data_fill_filter - INFO - Processing ripple - XRP
2025-11-13 01:27:41,015 - filters.data_fill_filter - ERROR - Error downloading historical data for ripple: 401 Client Error: Unauthorized for url: https://api.coingecko.com/api/v3/coins/ripple/ohlc?vs_currency=usd&days=max
2025-11-13 01:27:42,055 - utils.csv_manager - INFO - Saved 1 metrics records for ripple
2025-11-13 01:27:42,056 - filters.data_fill_filter - INFO - Successfully processed ripple
2025-11-13 01:27:57,056 - filters.data_fill_filter - INFO - Processing binancecoin - BNB
2025-11-13 01:27:58,154 - filters.data_fill_filter - ERROR - Error downloading historical data for binancecoin: 401 Client Error: Unauthorized for url: https://api.coingecko.com/api/v3/coins/binancecoin/ohlc?vs_currency=usd&days=max
2025-11-13 01:27:59,217 - utils.csv_manager - INFO - Saved 1 metrics records for binancecoin
2025-11-13 01:27:59,218 - filters.data_fill_filter - INFO - Successfully processed binancecoin
2025-11-13 01:28:14,219 - filters.data_fill_filter - INFO - Processing solana - Solana
2025-11-13 01:28:15,266 - filters.data_fill_filter - ERROR - Error downloading historical data for solana: 401 Client Error: Unauthorized for url: https://api.coingecko.com/api/v3/coins/solana/ohlc?vs_currency=usd&days=max
2025-11-13 01:28:16,307 - utils.csv_manager - INFO - Saved 1 metrics records for solana
2025-11-13 01:28:16,307 - filters.data_fill_filter - INFO - Successfully processed solana
2025-11-13 01:28:31,308 - filters.data_fill_filter - INFO - Processing cardano - Cardano
2025-11-13 01:28:35,595 - filters.data_fill_filter - ERROR - Error downloading historical data for cardano: 401 Client Error: Unauthorized for url: https://api.coingecko.com/api/v3/coins/cardano/ohlc?vs_currency=usd&days=max
2025-11-13 01:28:36,507 - filters.data_fill_filter - ERROR - Error downloading current metrics for cardano: 429 Client Error: Too Many Requests for url: https://api.coingecko.com/api/v3/coins/cardano?localization=false&tickers=false&market_data=true&community_data=false&developer_data=false
2025-11-13 01:28:36,510 - filters.data_fill_filter - INFO - Successfully processed cardano
2025-11-13 01:28:51,526 - filters.data_fill_filter - INFO - Processing figure-heloc - Figure Heloc
2025-11-13 01:28:53,486 - filters.data_fill_filter - ERROR - Error downloading historical data for figure-heloc: 429 Client Error: Too Many Requests for url: https://api.coingecko.com/api/v3/coins/figure-heloc/ohlc?vs_currency=usd&days=max
2025-11-13 01:28:54,405 - filters.data_fill_filter - ERROR - Error downloading current metrics for figure-heloc: 429 Client Error: Too Many Requests for url: https://api.coingecko.com/api/v3/coins/figure-heloc?localization=false&tickers=false&market_data=true&community_data=false&developer_data=false
2025-11-13 01:28:54,408 - filters.data_fill_filter - INFO - Successfully processed figure-heloc
2025-11-13 01:29:09,409 - filters.data_fill_filter - INFO - Processing wrapped-steth - Wrapped stETH
2025-11-13 01:29:10,357 - filters.data_fill_filter - ERROR - Error downloading historical data for wrapped-steth: 429 Client Error: Too Many Requests for url: https://api.coingecko.com/api/v3/coins/wrapped-steth/ohlc?vs_currency=usd&days=max
2025-11-13 01:29:11,171 - filters.data_fill_filter - ERROR - Error downloading current metrics for wrapped-steth: 429 Client Error: Too Many Requests for url: https://api.coingecko.com/api/v3/coins/wrapped-steth?localization=false&tickers=false&market_data=true&community_data=false&developer_data=false
2025-11-13 01:29:11,174 - filters.data_fill_filter - INFO - Successfully processed wrapped-steth
2025-11-13 01:29:26,175 - filters.data_fill_filter - INFO - Processing wrapped-bitcoin - Wrapped Bitcoin
2025-11-13 01:29:27,207 - filters.data_fill_filter - ERROR - Error downloading historical data for wrapped-bitcoin: 429 Client Error: Too Many Requests for url: https://api.coingecko.com/api/v3/coins/wrapped-bitcoin/ohlc?vs_currency=usd&days=max
2025-11-13 01:29:28,120 - filters.data_fill_filter - ERROR - Error downloading current metrics for wrapped-bitcoin: 429 Client Error: Too Many Requests for url: https://api.coingecko.com/api/v3/coins/wrapped-bitcoin?localization=false&tickers=false&market_data=true&community_data=false&developer_data=false
2025-11-13 01:29:28,123 - filters.data_fill_filter - INFO - Successfully processed wrapped-bitcoin
2025-11-13 01:29:43,125 - filters.data_fill_filter - INFO - Processing wrapped-beacon-eth - Wrapped Beacon ETH
2025-11-13 01:29:47,180 - filters.data_fill_filter - ERROR - Error downloading historical data for wrapped-beacon-eth: 401 Client Error: Unauthorized for url: https://api.coingecko.com/api/v3/coins/wrapped-beacon-eth/ohlc?vs_currency=usd&days=max
2025-11-13 01:29:48,269 - utils.csv_manager - INFO - Saved 1 metrics records for wrapped-beacon-eth
2025-11-13 01:29:48,270 - filters.data_fill_filter - INFO - Successfully processed wrapped-beacon-eth
2025-11-13 01:30:03,271 - filters.data_fill_filter - INFO - Processing whitebit - WhiteBIT Coin
2025-11-13 01:30:04,689 - filters.data_fill_filter - ERROR - Error downloading historical data for whitebit: 401 Client Error: Unauthorized for url: https://api.coingecko.com/api/v3/coins/whitebit/ohlc?vs_currency=usd&days=max
2025-11-13 01:30:05,804 - utils.csv_manager - INFO - Saved 1 metrics records for whitebit
2025-11-13 01:30:05,805 - filters.data_fill_filter - INFO - Successfully processed whitebit
2025-11-13 01:30:20,805 - filters.data_fill_filter - INFO - Processing usds - USDS
2025-11-13 01:30:21,853 - filters.data_fill_filter - ERROR - Error downloading historical data for usds: 401 Client Error: Unauthorized for url: https://api.coingecko.com/api/v3/coins/usds/ohlc?vs_currency=usd&days=max
2025-11-13 01:30:22,966 - utils.csv_manager - INFO - Saved 1 metrics records for usds
2025-11-13 01:30:22,966 - filters.data_fill_filter - INFO - Successfully processed usds
2025-11-13 01:30:37,968 - filters.data_fill_filter - INFO - Processing binance-bridged-usdt-bnb-smart-chain - Binance Bridged USDT (BNB Smart Chain)
2025-11-13 01:30:39,048 - filters.data_fill_filter - ERROR - Error downloading historical data for binance-bridged-usdt-bnb-smart-chain: 401 Client Error: Unauthorized for url: https://api.coingecko.com/api/v3/coins/binance-bridged-usdt-bnb-smart-chain/ohlc?vs_currency=usd&days=max
2025-11-13 01:30:39,867 - filters.data_fill_filter - ERROR - Error downloading current metrics for binance-bridged-usdt-bnb-smart-chain: 429 Client Error: Too Many Requests for url: https://api.coingecko.com/api/v3/coins/binance-bridged-usdt-bnb-smart-chain?localization=false&tickers=false&market_data=true&community_data=false&developer_data=false
2025-11-13 01:30:39,869 - filters.data_fill_filter - INFO - Successfully processed binance-bridged-usdt-bnb-smart-chain
2025-11-13 01:30:54,871 - filters.data_fill_filter - INFO - Processing stellar - Stellar
2025-11-13 01:30:55,888 - filters.data_fill_filter - ERROR - Error downloading historical data for stellar: 429 Client Error: Too Many Requests for url: https://api.coingecko.com/api/v3/coins/stellar/ohlc?vs_currency=usd&days=max
2025-11-13 01:30:56,782 - filters.data_fill_filter - ERROR - Error downloading current metrics for stellar: 429 Client Error: Too Many Requests for url: https://api.coingecko.com/api/v3/coins/stellar?localization=false&tickers=false&market_data=true&community_data=false&developer_data=false
2025-11-13 01:30:56,786 - filters.data_fill_filter - INFO - Successfully processed stellar
2025-11-13 01:31:11,787 - filters.data_fill_filter - INFO - Processing wrapped-eeth - Wrapped eETH
2025-11-13 01:31:12,673 - filters.data_fill_filter - ERROR - Error downloading historical data for wrapped-eeth: 429 Client Error: Too Many Requests for url: https://api.coingecko.com/api/v3/coins/wrapped-eeth/ohlc?vs_currency=usd&days=max
2025-11-13 01:31:13,481 - filters.data_fill_filter - ERROR - Error downloading current metrics for wrapped-eeth: 429 Client Error: Too Many Requests for url: https://api.coingecko.com/api/v3/coins/wrapped-eeth?localization=false&tickers=false&market_data=true&community_data=false&developer_data=false
2025-11-13 01:31:13,483 - filters.data_fill_filter - INFO - Successfully processed wrapped-eeth
2025-11-13 01:31:28,484 - filters.data_fill_filter - INFO - Processing leo-token - LEO Token
2025-11-13 01:31:29,390 - filters.data_fill_filter - ERROR - Error downloading historical data for leo-token: 429 Client Error: Too Many Requests for url: https://api.coingecko.com/api/v3/coins/leo-token/ohlc?vs_currency=usd&days=max
2025-11-13 01:31:30,233 - filters.data_fill_filter - ERROR - Error downloading current metrics for leo-token: 429 Client Error: Too Many Requests for url: https://api.coingecko.com/api/v3/coins/leo-token?localization=false&tickers=false&market_data=true&community_data=false&developer_data=false
2025-11-13 01:31:30,235 - filters.data_fill_filter - INFO - Successfully processed leo-token
2025-11-13 01:31:45,237 - filters.data_fill_filter - INFO - Processing litecoin - Litecoin
2025-11-13 01:31:46,374 - filters.data_fill_filter - ERROR - Error downloading historical data for litecoin: 401 Client Error: Unauthorized for url: https://api.coingecko.com/api/v3/coins/litecoin/ohlc?vs_currency=usd&days=max
2025-11-13 01:31:47,426 - utils.csv_manager - INFO - Saved 1 metrics records for litecoin
2025-11-13 01:31:47,426 - filters.data_fill_filter - INFO - Successfully processed litecoin
2025-11-13 01:32:02,428 - filters.data_fill_filter - INFO - Processing coinbase-wrapped-btc - Coinbase Wrapped BTC
2025-11-13 01:32:03,622 - filters.data_fill_filter - ERROR - Error downloading historical data for coinbase-wrapped-btc: 401 Client Error: Unauthorized for url: https://api.coingecko.com/api/v3/coins/coinbase-wrapped-btc/ohlc?vs_currency=usd&days=max
2025-11-13 01:32:04,842 - utils.csv_manager - INFO - Saved 1 metrics records for coinbase-wrapped-btc
2025-11-13 01:32:04,842 - filters.data_fill_filter - INFO - Successfully processed coinbase-wrapped-btc
2025-11-13 01:32:19,843 - filters.data_fill_filter - INFO - Processing hedera-hashgraph - Hedera
2025-11-13 01:32:20,916 - filters.data_fill_filter - ERROR - Error downloading historical data for hedera-hashgraph: 401 Client Error: Unauthorized for url: https://api.coingecko.com/api/v3/coins/hedera-hashgraph/ohlc?vs_currency=usd&days=max
2025-11-13 01:32:21,984 - utils.csv_manager - INFO - Saved 1 metrics records for hedera-hashgraph
2025-11-13 01:32:21,985 - filters.data_fill_filter - INFO - Successfully processed hedera-hashgraph
2025-11-13 01:32:36,986 - filters.data_fill_filter - INFO - Processing sui - Sui
2025-11-13 01:32:38,048 - filters.data_fill_filter - ERROR - Error downloading historical data for sui: 401 Client Error: Unauthorized for url: https://api.coingecko.com/api/v3/coins/sui/ohlc?vs_currency=usd&days=max
2025-11-13 01:32:38,881 - filters.data_fill_filter - ERROR - Error downloading current metrics for sui: 429 Client Error: Too Many Requests for url: https://api.coingecko.com/api/v3/coins/sui?localization=false&tickers=false&market_data=true&community_data=false&developer_data=false
2025-11-13 01:32:38,884 - filters.data_fill_filter - INFO - Successfully processed sui
2025-11-13 01:32:53,885 - filters.data_fill_filter - INFO - Processing the-open-network - Toncoin
2025-11-13 01:32:54,728 - filters.data_fill_filter - ERROR - Error downloading historical data for the-open-network: 429 Client Error: Too Many Requests for url: https://api.coingecko.com/api/v3/coins/the-open-network/ohlc?vs_currency=usd&days=max
2025-11-13 01:32:55,532 - filters.data_fill_filter - ERROR - Error downloading current metrics for the-open-network: 429 Client Error: Too Many Requests for url: https://api.coingecko.com/api/v3/coins/the-open-network?localization=false&tickers=false&market_data=true&community_data=false&developer_data=false
2025-11-13 01:32:55,534 - filters.data_fill_filter - INFO - Successfully processed the-open-network
2025-11-13 01:33:10,535 - filters.data_fill_filter - INFO - Processing polkadot - Polkadot
2025-11-13 01:33:11,400 - filters.data_fill_filter - ERROR - Error downloading historical data for polkadot: 429 Client Error: Too Many Requests for url: https://api.coingecko.com/api/v3/coins/polkadot/ohlc?vs_currency=usd&days=max
2025-11-13 01:33:12,235 - filters.data_fill_filter - ERROR - Error downloading current metrics for polkadot: 429 Client Error: Too Many Requests for url: https://api.coingecko.com/api/v3/coins/polkadot?localization=false&tickers=false&market_data=true&community_data=false&developer_data=false
2025-11-13 01:33:12,238 - filters.data_fill_filter - INFO - Successfully processed polkadot
2025-11-13 01:33:27,239 - filters.data_fill_filter - INFO - Processing uniswap - Uniswap
2025-11-13 01:33:28,103 - filters.data_fill_filter - ERROR - Error downloading historical data for uniswap: 429 Client Error: Too Many Requests for url: https://api.coingecko.com/api/v3/coins/uniswap/ohlc?vs_currency=usd&days=max
2025-11-13 01:33:28,969 - filters.data_fill_filter - ERROR - Error downloading current metrics for uniswap: 429 Client Error: Too Many Requests for url: https://api.coingecko.com/api/v3/coins/uniswap?localization=false&tickers=false&market_data=true&community_data=false&developer_data=false
2025-11-13 01:33:28,972 - filters.data_fill_filter - INFO - Successfully processed uniswap
2025-11-13 01:33:43,973 - filters.data_fill_filter - INFO - Processing canton-network - Canton
2025-11-13 01:33:45,046 - filters.data_fill_filter - ERROR - Error downloading historical data for canton-network: 401 Client Error: Unauthorized for url: https://api.coingecko.com/api/v3/coins/canton-network/ohlc?vs_currency=usd&days=max
2025-11-13 01:33:46,109 - utils.csv_manager - INFO - Saved 1 metrics records for canton-network
2025-11-13 01:33:46,109 - filters.data_fill_filter - INFO - Successfully processed canton-network
2025-11-13 01:34:01,110 - filters.data_fill_filter - INFO - Processing ethena-staked-usde - Ethena Staked USDe
2025-11-13 01:34:02,136 - filters.data_fill_filter - ERROR - Error downloading historical data for ethena-staked-usde: 401 Client Error: Unauthorized for url: https://api.coingecko.com/api/v3/coins/ethena-staked-usde/ohlc?vs_currency=usd&days=max
2025-11-13 01:34:03,212 - utils.csv_manager - INFO - Saved 1 metrics records for ethena-staked-usde
2025-11-13 01:34:03,213 - filters.data_fill_filter - INFO - Successfully processed ethena-staked-usde
2025-11-13 01:34:18,214 - filters.data_fill_filter - INFO - Processing world-liberty-financial - World Liberty Financial
2025-11-13 01:34:19,351 - filters.data_fill_filter - ERROR - Error downloading historical data for world-liberty-financial: 401 Client Error: Unauthorized for url: https://api.coingecko.com/api/v3/coins/world-liberty-financial/ohlc?vs_currency=usd&days=max
2025-11-13 01:34:20,504 - utils.csv_manager - INFO - Saved 1 metrics records for world-liberty-financial
2025-11-13 01:34:20,506 - filters.data_fill_filter - INFO - Successfully processed world-liberty-financial
2025-11-13 01:34:35,506 - filters.data_fill_filter - INFO - Processing susds - sUSDS
2025-11-13 01:34:36,883 - filters.data_fill_filter - ERROR - Error downloading historical data for susds: 401 Client Error: Unauthorized for url: https://api.coingecko.com/api/v3/coins/susds/ohlc?vs_currency=usd&days=max
2025-11-13 01:34:37,720 - filters.data_fill_filter - ERROR - Error downloading current metrics for susds: 429 Client Error: Too Many Requests for url: https://api.coingecko.com/api/v3/coins/susds?localization=false&tickers=false&market_data=true&community_data=false&developer_data=false
2025-11-13 01:34:37,722 - filters.data_fill_filter - INFO - Successfully processed susds
2025-11-13 01:34:52,723 - filters.data_fill_filter - INFO - Processing internet-computer - Internet Computer
2025-11-13 01:34:53,582 - filters.data_fill_filter - ERROR - Error downloading historical data for internet-computer: 429 Client Error: Too Many Requests for url: https://api.coingecko.com/api/v3/coins/internet-computer/ohlc?vs_currency=usd&days=max
2025-11-13 01:34:54,396 - filters.data_fill_filter - ERROR - Error downloading current metrics for internet-computer: 429 Client Error: Too Many Requests for url: https://api.coingecko.com/api/v3/coins/internet-computer?localization=false&tickers=false&market_data=true&community_data=false&developer_data=false
2025-11-13 01:34:54,398 - filters.data_fill_filter - INFO - Successfully processed internet-computer
2025-11-13 01:35:09,400 - filters.data_fill_filter - INFO - Processing bittensor - Bittensor
2025-11-13 01:35:10,378 - filters.data_fill_filter - ERROR - Error downloading historical data for bittensor: 429 Client Error: Too Many Requests for url: https://api.coingecko.com/api/v3/coins/bittensor/ohlc?vs_currency=usd&days=max
2025-11-13 01:35:11,182 - filters.data_fill_filter - ERROR - Error downloading current metrics for bittensor: 429 Client Error: Too Many Requests for url: https://api.coingecko.com/api/v3/coins/bittensor?localization=false&tickers=false&market_data=true&community_data=false&developer_data=false
2025-11-13 01:35:11,185 - filters.data_fill_filter - INFO - Successfully processed bittensor
2025-11-13 01:35:26,186 - filters.data_fill_filter - INFO - Processing paypal-usd - PayPal USD
2025-11-13 01:35:27,053 - filters.data_fill_filter - ERROR - Error downloading historical data for paypal-usd: 429 Client Error: Too Many Requests for url: https://api.coingecko.com/api/v3/coins/paypal-usd/ohlc?vs_currency=usd&days=max
2025-11-13 01:35:27,863 - filters.data_fill_filter - ERROR - Error downloading current metrics for paypal-usd: 429 Client Error: Too Many Requests for url: https://api.coingecko.com/api/v3/coins/paypal-usd?localization=false&tickers=false&market_data=true&community_data=false&developer_data=false
2025-11-13 01:35:27,866 - filters.data_fill_filter - INFO - Successfully processed paypal-usd
2025-11-13 01:35:42,866 - filters.data_fill_filter - INFO - Processing aave - Aave
2025-11-13 01:35:44,004 - filters.data_fill_filter - ERROR - Error downloading historical data for aave: 401 Client Error: Unauthorized for url: https://api.coingecko.com/api/v3/coins/aave/ohlc?vs_currency=usd&days=max
2025-11-13 01:35:45,175 - utils.csv_manager - INFO - Saved 1 metrics records for aave
2025-11-13 01:35:45,175 - filters.data_fill_filter - INFO - Successfully processed aave
2025-11-13 01:36:00,176 - filters.data_fill_filter - INFO - Processing usd1-wlfi - USD1
2025-11-13 01:36:02,372 - filters.data_fill_filter - ERROR - Error downloading historical data for usd1-wlfi: 401 Client Error: Unauthorized for url: https://api.coingecko.com/api/v3/coins/usd1-wlfi/ohlc?vs_currency=usd&days=max
2025-11-13 01:36:03,484 - utils.csv_manager - INFO - Saved 1 metrics records for usd1-wlfi
2025-11-13 01:36:03,485 - filters.data_fill_filter - INFO - Successfully processed usd1-wlfi
2025-11-13 01:36:18,486 - filters.data_fill_filter - INFO - Processing bitget-token - Bitget Token
2025-11-13 01:36:19,620 - filters.data_fill_filter - ERROR - Error downloading historical data for bitget-token: 401 Client Error: Unauthorized for url: https://api.coingecko.com/api/v3/coins/bitget-token/ohlc?vs_currency=usd&days=max
2025-11-13 01:36:20,691 - utils.csv_manager - INFO - Saved 1 metrics records for bitget-token
2025-11-13 01:36:20,691 - filters.data_fill_filter - INFO - Successfully processed bitget-token
2025-11-13 01:36:35,692 - filters.data_fill_filter - INFO - Processing okb - OKB
2025-11-13 01:36:37,956 - filters.data_fill_filter - ERROR - Error downloading historical data for okb: 401 Client Error: Unauthorized for url: https://api.coingecko.com/api/v3/coins/okb/ohlc?vs_currency=usd&days=max
2025-11-13 01:36:38,766 - filters.data_fill_filter - ERROR - Error downloading current metrics for okb: 429 Client Error: Too Many Requests for url: https://api.coingecko.com/api/v3/coins/okb?localization=false&tickers=false&market_data=true&community_data=false&developer_data=false
2025-11-13 01:36:38,769 - filters.data_fill_filter - INFO - Successfully processed okb
2025-11-13 01:36:53,770 - filters.data_fill_filter - INFO - Processing c1usd - Currency One USD
2025-11-13 01:36:54,669 - filters.data_fill_filter - ERROR - Error downloading historical data for c1usd: 429 Client Error: Too Many Requests for url: https://api.coingecko.com/api/v3/coins/c1usd/ohlc?vs_currency=usd&days=max
2025-11-13 01:36:55,603 - filters.data_fill_filter - ERROR - Error downloading current metrics for c1usd: 429 Client Error: Too Many Requests for url: https://api.coingecko.com/api/v3/coins/c1usd?localization=false&tickers=false&market_data=true&community_data=false&developer_data=false
2025-11-13 01:36:55,605 - filters.data_fill_filter - INFO - Successfully processed c1usd
2025-11-13 01:37:10,606 - filters.data_fill_filter - INFO - Processing pepe - Pepe
2025-11-13 01:37:11,580 - filters.data_fill_filter - ERROR - Error downloading historical data for pepe: 429 Client Error: Too Many Requests for url: https://api.coingecko.com/api/v3/coins/pepe/ohlc?vs_currency=usd&days=max
2025-11-13 01:37:12,496 - filters.data_fill_filter - ERROR - Error downloading current metrics for pepe: 429 Client Error: Too Many Requests for url: https://api.coingecko.com/api/v3/coins/pepe?localization=false&tickers=false&market_data=true&community_data=false&developer_data=false
2025-11-13 01:37:12,499 - filters.data_fill_filter - INFO - Successfully processed pepe
2025-11-13 01:37:27,501 - filters.data_fill_filter - INFO - Processing ethereum-classic - Ethereum Classic
2025-11-13 01:37:28,341 - filters.data_fill_filter - ERROR - Error downloading historical data for ethereum-classic: 429 Client Error: Too Many Requests for url: https://api.coingecko.com/api/v3/coins/ethereum-classic/ohlc?vs_currency=usd&days=max
2025-11-13 01:37:29,181 - filters.data_fill_filter - ERROR - Error downloading current metrics for ethereum-classic: 429 Client Error: Too Many Requests for url: https://api.coingecko.com/api/v3/coins/ethereum-classic?localization=false&tickers=false&market_data=true&community_data=false&developer_data=false
2025-11-13 01:37:29,184 - filters.data_fill_filter - INFO - Successfully processed ethereum-classic
2025-11-13 01:37:44,185 - filters.data_fill_filter - INFO - Processing pump-fun - Pump.fun
2025-11-13 01:37:45,260 - filters.data_fill_filter - ERROR - Error downloading historical data for pump-fun: 401 Client Error: Unauthorized for url: https://api.coingecko.com/api/v3/coins/pump-fun/ohlc?vs_currency=usd&days=max
2025-11-13 01:37:46,492 - utils.csv_manager - INFO - Saved 1 metrics records for pump-fun
2025-11-13 01:37:46,493 - filters.data_fill_filter - INFO - Successfully processed pump-fun
2025-11-13 01:38:01,494 - filters.data_fill_filter - INFO - Processing ethena - Ethena
2025-11-13 01:38:02,672 - filters.data_fill_filter - ERROR - Error downloading historical data for ethena: 401 Client Error: Unauthorized for url: https://api.coingecko.com/api/v3/coins/ethena/ohlc?vs_currency=usd&days=max
2025-11-13 01:38:03,769 - utils.csv_manager - INFO - Saved 1 metrics records for ethena
2025-11-13 01:38:03,770 - filters.data_fill_filter - INFO - Successfully processed ethena
2025-11-13 01:38:18,770 - filters.data_fill_filter - INFO - Processing aster-2 - Aster
2025-11-13 01:38:19,884 - filters.data_fill_filter - ERROR - Error downloading historical data for aster-2: 401 Client Error: Unauthorized for url: https://api.coingecko.com/api/v3/coins/aster-2/ohlc?vs_currency=usd&days=max
2025-11-13 01:38:21,081 - utils.csv_manager - INFO - Saved 1 metrics records for aster-2
2025-11-13 01:38:21,081 - filters.data_fill_filter - INFO - Successfully processed aster-2
2025-11-13 01:38:36,082 - filters.data_fill_filter - INFO - Processing aptos - Aptos
2025-11-13 01:38:37,110 - filters.data_fill_filter - ERROR - Error downloading historical data for aptos: 401 Client Error: Unauthorized for url: https://api.coingecko.com/api/v3/coins/aptos/ohlc?vs_currency=usd&days=max
2025-11-13 01:38:37,964 - filters.data_fill_filter - ERROR - Error downloading current metrics for aptos: 429 Client Error: Too Many Requests for url: https://api.coingecko.com/api/v3/coins/aptos?localization=false&tickers=false&market_data=true&community_data=false&developer_data=false
2025-11-13 01:38:37,968 - filters.data_fill_filter - INFO - Successfully processed aptos
2025-11-13 01:38:52,968 - filters.data_fill_filter - INFO - Processing jito-staked-sol - Jito Staked SOL
2025-11-13 01:38:53,976 - filters.data_fill_filter - ERROR - Error downloading historical data for jito-staked-sol: 429 Client Error: Too Many Requests for url: https://api.coingecko.com/api/v3/coins/jito-staked-sol/ohlc?vs_currency=usd&days=max
2025-11-13 01:38:54,932 - filters.data_fill_filter - ERROR - Error downloading current metrics for jito-staked-sol: 429 Client Error: Too Many Requests for url: https://api.coingecko.com/api/v3/coins/jito-staked-sol?localization=false&tickers=false&market_data=true&community_data=false&developer_data=false
2025-11-13 01:38:54,935 - filters.data_fill_filter - INFO - Successfully processed jito-staked-sol
2025-11-13 01:39:09,936 - filters.data_fill_filter - INFO - Processing tether-gold - Tether Gold
2025-11-13 01:39:11,789 - filters.data_fill_filter - ERROR - Error downloading historical data for tether-gold: 429 Client Error: Too Many Requests for url: https://api.coingecko.com/api/v3/coins/tether-gold/ohlc?vs_currency=usd&days=max
2025-11-13 01:39:12,637 - filters.data_fill_filter - ERROR - Error downloading current metrics for tether-gold: 429 Client Error: Too Many Requests for url: https://api.coingecko.com/api/v3/coins/tether-gold?localization=false&tickers=false&market_data=true&community_data=false&developer_data=false
2025-11-13 01:39:12,640 - filters.data_fill_filter - INFO - Successfully processed tether-gold
2025-11-13 01:39:27,641 - filters.data_fill_filter - INFO - Processing falcon-finance - Falcon USD
2025-11-13 01:39:29,751 - filters.data_fill_filter - ERROR - Error downloading historical data for falcon-finance: 429 Client Error: Too Many Requests for url: https://api.coingecko.com/api/v3/coins/falcon-finance/ohlc?vs_currency=usd&days=max
2025-11-13 01:39:30,668 - filters.data_fill_filter - ERROR - Error downloading current metrics for falcon-finance: 429 Client Error: Too Many Requests for url: https://api.coingecko.com/api/v3/coins/falcon-finance?localization=false&tickers=false&market_data=true&community_data=false&developer_data=false
2025-11-13 01:39:30,672 - filters.data_fill_filter - INFO - Successfully processed falcon-finance
2025-11-13 01:39:45,673 - filters.data_fill_filter - INFO - Processing jupiter-perpetuals-liquidity-provider-token - Jupiter Perpetuals Liquidity Provider Token
2025-11-13 01:39:46,700 - filters.data_fill_filter - ERROR - Error downloading historical data for jupiter-perpetuals-liquidity-provider-token: 401 Client Error: Unauthorized for url: https://api.coingecko.com/api/v3/coins/jupiter-perpetuals-liquidity-provider-token/ohlc?vs_currency=usd&days=max
2025-11-13 01:39:47,775 - utils.csv_manager - INFO - Saved 1 metrics records for jupiter-perpetuals-liquidity-provider-token
2025-11-13 01:39:47,776 - filters.data_fill_filter - INFO - Successfully processed jupiter-perpetuals-liquidity-provider-token
2025-11-13 01:40:02,776 - filters.data_fill_filter - INFO - Processing ondo-finance - Ondo
2025-11-13 01:40:04,057 - filters.data_fill_filter - ERROR - Error downloading historical data for ondo-finance: 401 Client Error: Unauthorized for url: https://api.coingecko.com/api/v3/coins/ondo-finance/ohlc?vs_currency=usd&days=max
2025-11-13 01:40:05,211 - utils.csv_manager - INFO - Saved 1 metrics records for ondo-finance
2025-11-13 01:40:05,211 - filters.data_fill_filter - INFO - Successfully processed ondo-finance
2025-11-13 01:40:20,213 - filters.data_fill_filter - INFO - Processing pi-network - Pi Network
2025-11-13 01:40:21,249 - filters.data_fill_filter - ERROR - Error downloading historical data for pi-network: 401 Client Error: Unauthorized for url: https://api.coingecko.com/api/v3/coins/pi-network/ohlc?vs_currency=usd&days=max
2025-11-13 01:40:22,329 - utils.csv_manager - INFO - Saved 1 metrics records for pi-network
2025-11-13 01:40:22,330 - filters.data_fill_filter - INFO - Successfully processed pi-network
2025-11-13 01:40:37,330 - filters.data_fill_filter - INFO - Processing polygon-ecosystem-token - POL (ex-MATIC)
2025-11-13 01:40:38,363 - filters.data_fill_filter - ERROR - Error downloading historical data for polygon-ecosystem-token: 401 Client Error: Unauthorized for url: https://api.coingecko.com/api/v3/coins/polygon-ecosystem-token/ohlc?vs_currency=usd&days=max
2025-11-13 01:40:39,182 - filters.data_fill_filter - ERROR - Error downloading current metrics for polygon-ecosystem-token: 429 Client Error: Too Many Requests for url: https://api.coingecko.com/api/v3/coins/polygon-ecosystem-token?localization=false&tickers=false&market_data=true&community_data=false&developer_data=false
2025-11-13 01:40:39,185 - filters.data_fill_filter - INFO - Successfully processed polygon-ecosystem-token
2025-11-13 01:40:54,186 - filters.data_fill_filter - INFO - Processing worldcoin-wld - Worldcoin
2025-11-13 01:40:55,067 - filters.data_fill_filter - ERROR - Error downloading historical data for worldcoin-wld: 429 Client Error: Too Many Requests for url: https://api.coingecko.com/api/v3/coins/worldcoin-wld/ohlc?vs_currency=usd&days=max
2025-11-13 01:40:55,903 - filters.data_fill_filter - ERROR - Error downloading current metrics for worldcoin-wld: 429 Client Error: Too Many Requests for url: https://api.coingecko.com/api/v3/coins/worldcoin-wld?localization=false&tickers=false&market_data=true&community_data=false&developer_data=false
2025-11-13 01:40:55,905 - filters.data_fill_filter - INFO - Successfully processed worldcoin-wld
2025-11-13 01:41:10,905 - filters.data_fill_filter - INFO - Processing htx-dao - HTX DAO
2025-11-13 01:41:11,750 - filters.data_fill_filter - ERROR - Error downloading historical data for htx-dao: 429 Client Error: Too Many Requests for url: https://api.coingecko.com/api/v3/coins/htx-dao/ohlc?vs_currency=usd&days=max
2025-11-13 01:41:12,536 - filters.data_fill_filter - ERROR - Error downloading current metrics for htx-dao: 429 Client Error: Too Many Requests for url: https://api.coingecko.com/api/v3/coins/htx-dao?localization=false&tickers=false&market_data=true&community_data=false&developer_data=false
2025-11-13 01:41:12,539 - filters.data_fill_filter - INFO - Successfully processed htx-dao
2025-11-13 01:41:27,540 - filters.data_fill_filter - INFO - Processing kucoin-shares - KuCoin
2025-11-13 01:41:28,388 - filters.data_fill_filter - ERROR - Error downloading historical data for kucoin-shares: 429 Client Error: Too Many Requests for url: https://api.coingecko.com/api/v3/coins/kucoin-shares/ohlc?vs_currency=usd&days=max
2025-11-13 01:41:29,203 - filters.data_fill_filter - ERROR - Error downloading current metrics for kucoin-shares: 429 Client Error: Too Many Requests for url: https://api.coingecko.com/api/v3/coins/kucoin-shares?localization=false&tickers=false&market_data=true&community_data=false&developer_data=false
2025-11-13 01:41:29,206 - filters.data_fill_filter - INFO - Successfully processed kucoin-shares
2025-11-13 01:41:44,208 - filters.data_fill_filter - INFO - Processing filecoin - Filecoin
2025-11-13 01:41:45,822 - filters.data_fill_filter - ERROR - Error downloading historical data for filecoin: 401 Client Error: Unauthorized for url: https://api.coingecko.com/api/v3/coins/filecoin/ohlc?vs_currency=usd&days=max
2025-11-13 01:41:47,090 - utils.csv_manager - INFO - Saved 1 metrics records for filecoin
2025-11-13 01:41:47,090 - filters.data_fill_filter - INFO - Successfully processed filecoin
2025-11-13 01:42:02,091 - filters.data_fill_filter - INFO - Processing algorand - Algorand
2025-11-13 01:42:03,285 - filters.data_fill_filter - ERROR - Error downloading historical data for algorand: 401 Client Error: Unauthorized for url: https://api.coingecko.com/api/v3/coins/algorand/ohlc?vs_currency=usd&days=max
2025-11-13 01:42:04,409 - utils.csv_manager - INFO - Saved 1 metrics records for algorand
2025-11-13 01:42:04,410 - filters.data_fill_filter - INFO - Successfully processed algorand
2025-11-13 01:42:19,410 - filters.data_fill_filter - INFO - Processing official-trump - Official Trump
2025-11-13 01:42:20,601 - filters.data_fill_filter - ERROR - Error downloading historical data for official-trump: 401 Client Error: Unauthorized for url: https://api.coingecko.com/api/v3/coins/official-trump/ohlc?vs_currency=usd&days=max
2025-11-13 01:42:21,654 - utils.csv_manager - INFO - Saved 1 metrics records for official-trump
2025-11-13 01:42:21,654 - filters.data_fill_filter - INFO - Successfully processed official-trump
2025-11-13 01:42:36,656 - filters.data_fill_filter - INFO - Processing rocket-pool-eth - Rocket Pool ETH
2025-11-13 01:42:37,711 - filters.data_fill_filter - ERROR - Error downloading historical data for rocket-pool-eth: 401 Client Error: Unauthorized for url: https://api.coingecko.com/api/v3/coins/rocket-pool-eth/ohlc?vs_currency=usd&days=max
2025-11-13 01:42:38,538 - filters.data_fill_filter - ERROR - Error downloading current metrics for rocket-pool-eth: 429 Client Error: Too Many Requests for url: https://api.coingecko.com/api/v3/coins/rocket-pool-eth?localization=false&tickers=false&market_data=true&community_data=false&developer_data=false
2025-11-13 01:42:38,541 - filters.data_fill_filter - INFO - Successfully processed rocket-pool-eth
2025-11-13 01:42:53,542 - filters.data_fill_filter - INFO - Processing arbitrum - Arbitrum
2025-11-13 01:42:54,363 - filters.data_fill_filter - ERROR - Error downloading historical data for arbitrum: 429 Client Error: Too Many Requests for url: https://api.coingecko.com/api/v3/coins/arbitrum/ohlc?vs_currency=usd&days=max
2025-11-13 01:42:55,166 - filters.data_fill_filter - ERROR - Error downloading current metrics for arbitrum: 429 Client Error: Too Many Requests for url: https://api.coingecko.com/api/v3/coins/arbitrum?localization=false&tickers=false&market_data=true&community_data=false&developer_data=false
2025-11-13 01:42:55,169 - filters.data_fill_filter - INFO - Successfully processed arbitrum
2025-11-13 01:43:10,170 - filters.data_fill_filter - INFO - Processing vechain - VeChain
2025-11-13 01:43:11,014 - filters.data_fill_filter - ERROR - Error downloading historical data for vechain: 429 Client Error: Too Many Requests for url: https://api.coingecko.com/api/v3/coins/vechain/ohlc?vs_currency=usd&days=max
2025-11-13 01:43:11,870 - filters.data_fill_filter - ERROR - Error downloading current metrics for vechain: 429 Client Error: Too Many Requests for url: https://api.coingecko.com/api/v3/coins/vechain?localization=false&tickers=false&market_data=true&community_data=false&developer_data=false
2025-11-13 01:43:11,872 - filters.data_fill_filter - INFO - Successfully processed vechain
2025-11-13 01:43:26,873 - filters.data_fill_filter - INFO - Processing binance-staked-sol - Binance Staked SOL
2025-11-13 01:43:27,705 - filters.data_fill_filter - ERROR - Error downloading historical data for binance-staked-sol: 429 Client Error: Too Many Requests for url: https://api.coingecko.com/api/v3/coins/binance-staked-sol/ohlc?vs_currency=usd&days=max
2025-11-13 01:43:28,523 - filters.data_fill_filter - ERROR - Error downloading current metrics for binance-staked-sol: 429 Client Error: Too Many Requests for url: https://api.coingecko.com/api/v3/coins/binance-staked-sol?localization=false&tickers=false&market_data=true&community_data=false&developer_data=false
2025-11-13 01:43:28,525 - filters.data_fill_filter - INFO - Successfully processed binance-staked-sol
2025-11-13 01:43:43,527 - filters.data_fill_filter - INFO - Processing pax-gold - PAX Gold
2025-11-13 01:43:44,588 - filters.data_fill_filter - ERROR - Error downloading historical data for pax-gold: 401 Client Error: Unauthorized for url: https://api.coingecko.com/api/v3/coins/pax-gold/ohlc?vs_currency=usd&days=max
2025-11-13 01:43:45,686 - utils.csv_manager - INFO - Saved 1 metrics records for pax-gold
2025-11-13 01:43:45,686 - filters.data_fill_filter - INFO - Successfully processed pax-gold
2025-11-13 01:44:00,688 - filters.data_fill_filter - INFO - Processing cosmos - Cosmos Hub
2025-11-13 01:44:01,805 - filters.data_fill_filter - ERROR - Error downloading historical data for cosmos: 401 Client Error: Unauthorized for url: https://api.coingecko.com/api/v3/coins/cosmos/ohlc?vs_currency=usd&days=max
2025-11-13 01:44:02,867 - utils.csv_manager - INFO - Saved 1 metrics records for cosmos
2025-11-13 01:44:02,867 - filters.data_fill_filter - INFO - Successfully processed cosmos
2025-11-13 01:44:17,868 - filters.data_fill_filter - INFO - Processing gatechain-token - Gate
2025-11-13 01:44:22,180 - filters.data_fill_filter - ERROR - Error downloading historical data for gatechain-token: 401 Client Error: Unauthorized for url: https://api.coingecko.com/api/v3/coins/gatechain-token/ohlc?vs_currency=usd&days=max
2025-11-13 01:44:23,248 - utils.csv_manager - INFO - Saved 1 metrics records for gatechain-token
2025-11-13 01:44:23,249 - filters.data_fill_filter - INFO - Successfully processed gatechain-token
2025-11-13 01:44:38,250 - filters.data_fill_filter - INFO - Processing sky - Sky
2025-11-13 01:44:39,259 - filters.data_fill_filter - ERROR - Error downloading historical data for sky: 401 Client Error: Unauthorized for url: https://api.coingecko.com/api/v3/coins/sky/ohlc?vs_currency=usd&days=max
2025-11-13 01:44:40,089 - filters.data_fill_filter - ERROR - Error downloading current metrics for sky: 429 Client Error: Too Many Requests for url: https://api.coingecko.com/api/v3/coins/sky?localization=false&tickers=false&market_data=true&community_data=false&developer_data=false
2025-11-13 01:44:40,092 - filters.data_fill_filter - INFO - Successfully processed sky
2025-11-13 01:44:55,092 - filters.data_fill_filter - INFO - Processing kaspa - Kaspa
2025-11-13 01:44:57,105 - filters.data_fill_filter - ERROR - Error downloading historical data for kaspa: 429 Client Error: Too Many Requests for url: https://api.coingecko.com/api/v3/coins/kaspa/ohlc?vs_currency=usd&days=max
2025-11-13 01:44:57,989 - filters.data_fill_filter - ERROR - Error downloading current metrics for kaspa: 429 Client Error: Too Many Requests for url: https://api.coingecko.com/api/v3/coins/kaspa?localization=false&tickers=false&market_data=true&community_data=false&developer_data=false
2025-11-13 01:44:57,991 - filters.data_fill_filter - INFO - Successfully processed kaspa
2025-11-13 01:45:12,993 - filters.data_fill_filter - INFO - Processing bfusd - BFUSD
2025-11-13 01:45:15,059 - filters.data_fill_filter - ERROR - Error downloading historical data for bfusd: 429 Client Error: Too Many Requests for url: https://api.coingecko.com/api/v3/coins/bfusd/ohlc?vs_currency=usd&days=max
2025-11-13 01:45:15,949 - filters.data_fill_filter - ERROR - Error downloading current metrics for bfusd: 429 Client Error: Too Many Requests for url: https://api.coingecko.com/api/v3/coins/bfusd?localization=false&tickers=false&market_data=true&community_data=false&developer_data=false
2025-11-13 01:45:15,952 - filters.data_fill_filter - INFO - Successfully processed bfusd
2025-11-13 01:45:30,954 - filters.data_fill_filter - INFO - Processing kinetic-staked-hype - Kinetiq Staked HYPE
2025-11-13 01:45:32,825 - filters.data_fill_filter - ERROR - Error downloading historical data for kinetic-staked-hype: 429 Client Error: Too Many Requests for url: https://api.coingecko.com/api/v3/coins/kinetic-staked-hype/ohlc?vs_currency=usd&days=max
2025-11-13 01:45:33,660 - filters.data_fill_filter - ERROR - Error downloading current metrics for kinetic-staked-hype: 429 Client Error: Too Many Requests for url: https://api.coingecko.com/api/v3/coins/kinetic-staked-hype?localization=false&tickers=false&market_data=true&community_data=false&developer_data=false
2025-11-13 01:45:33,663 - filters.data_fill_filter - INFO - Successfully processed kinetic-staked-hype
2025-11-13 01:45:48,664 - filters.data_fill_filter - INFO - Processing wbnb - Wrapped BNB
2025-11-13 01:45:49,852 - filters.data_fill_filter - ERROR - Error downloading historical data for wbnb: 401 Client Error: Unauthorized for url: https://api.coingecko.com/api/v3/coins/wbnb/ohlc?vs_currency=usd&days=max
2025-11-13 01:45:50,955 - utils.csv_manager - INFO - Saved 1 metrics records for wbnb
2025-11-13 01:45:50,955 - filters.data_fill_filter - INFO - Successfully processed wbnb
2025-11-13 01:46:05,956 - filters.data_fill_filter - INFO - Processing story-2 - Story
2025-11-13 01:46:07,209 - filters.data_fill_filter - ERROR - Error downloading historical data for story-2: 401 Client Error: Unauthorized for url: https://api.coingecko.com/api/v3/coins/story-2/ohlc?vs_currency=usd&days=max
2025-11-13 01:46:09,322 - utils.csv_manager - INFO - Saved 1 metrics records for story-2
2025-11-13 01:46:09,323 - filters.data_fill_filter - INFO - Successfully processed story-2
2025-11-13 01:46:24,324 - filters.data_fill_filter - INFO - Processing kelp-dao-restaked-eth - Kelp DAO Restaked ETH
2025-11-13 01:46:25,372 - filters.data_fill_filter - ERROR - Error downloading historical data for kelp-dao-restaked-eth: 401 Client Error: Unauthorized for url: https://api.coingecko.com/api/v3/coins/kelp-dao-restaked-eth/ohlc?vs_currency=usd&days=max
2025-11-13 01:46:26,459 - utils.csv_manager - INFO - Saved 1 metrics records for kelp-dao-restaked-eth
2025-11-13 01:46:26,459 - filters.data_fill_filter - INFO - Successfully processed kelp-dao-restaked-eth
2025-11-13 01:46:41,460 - filters.data_fill_filter - INFO - Processing ignition-fbtc - Function FBTC
2025-11-13 01:46:42,495 - filters.data_fill_filter - ERROR - Error downloading historical data for ignition-fbtc: 401 Client Error: Unauthorized for url: https://api.coingecko.com/api/v3/coins/ignition-fbtc/ohlc?vs_currency=usd&days=max
2025-11-13 01:46:43,337 - filters.data_fill_filter - ERROR - Error downloading current metrics for ignition-fbtc: 429 Client Error: Too Many Requests for url: https://api.coingecko.com/api/v3/coins/ignition-fbtc?localization=false&tickers=false&market_data=true&community_data=false&developer_data=false
2025-11-13 01:46:43,340 - filters.data_fill_filter - INFO - Successfully processed ignition-fbtc
2025-11-13 01:46:58,341 - filters.data_fill_filter - INFO - Processing render-token - Render
2025-11-13 01:47:00,165 - filters.data_fill_filter - ERROR - Error downloading historical data for render-token: 429 Client Error: Too Many Requests for url: https://api.coingecko.com/api/v3/coins/render-token/ohlc?vs_currency=usd&days=max
2025-11-13 01:47:01,004 - filters.data_fill_filter - ERROR - Error downloading current metrics for render-token: 429 Client Error: Too Many Requests for url: https://api.coingecko.com/api/v3/coins/render-token?localization=false&tickers=false&market_data=true&community_data=false&developer_data=false
2025-11-13 01:47:01,008 - filters.data_fill_filter - INFO - Successfully processed render-token
2025-11-13 01:47:16,009 - filters.data_fill_filter - INFO - Processing flare-networks - Flare
2025-11-13 01:47:17,969 - filters.data_fill_filter - ERROR - Error downloading historical data for flare-networks: 429 Client Error: Too Many Requests for url: https://api.coingecko.com/api/v3/coins/flare-networks/ohlc?vs_currency=usd&days=max
2025-11-13 01:47:18,779 - filters.data_fill_filter - ERROR - Error downloading current metrics for flare-networks: 429 Client Error: Too Many Requests for url: https://api.coingecko.com/api/v3/coins/flare-networks?localization=false&tickers=false&market_data=true&community_data=false&developer_data=false
2025-11-13 01:47:18,782 - filters.data_fill_filter - INFO - Successfully processed flare-networks
2025-11-13 01:47:33,783 - filters.data_fill_filter - INFO - Processing lombard-staked-btc - Lombard Staked BTC
2025-11-13 01:47:34,737 - filters.data_fill_filter - ERROR - Error downloading historical data for lombard-staked-btc: 429 Client Error: Too Many Requests for url: https://api.coingecko.com/api/v3/coins/lombard-staked-btc/ohlc?vs_currency=usd&days=max
2025-11-13 01:47:35,608 - filters.data_fill_filter - ERROR - Error downloading current metrics for lombard-staked-btc: 429 Client Error: Too Many Requests for url: https://api.coingecko.com/api/v3/coins/lombard-staked-btc?localization=false&tickers=false&market_data=true&community_data=false&developer_data=false
2025-11-13 01:47:35,611 - filters.data_fill_filter - INFO - Successfully processed lombard-staked-btc
2025-11-13 01:47:50,612 - filters.data_fill_filter - INFO - Processing quant-network - Quant
2025-11-13 01:47:52,864 - filters.data_fill_filter - ERROR - Error downloading historical data for quant-network: 401 Client Error: Unauthorized for url: https://api.coingecko.com/api/v3/coins/quant-network/ohlc?vs_currency=usd&days=max
2025-11-13 01:47:53,991 - utils.csv_manager - INFO - Saved 1 metrics records for quant-network
2025-11-13 01:47:53,991 - filters.data_fill_filter - INFO - Successfully processed quant-network
2025-11-13 01:48:08,992 - filters.data_fill_filter - INFO - Processing liquid-staked-ethereum - Liquid Staked ETH
2025-11-13 01:48:10,448 - filters.data_fill_filter - ERROR - Error downloading historical data for liquid-staked-ethereum: 401 Client Error: Unauthorized for url: https://api.coingecko.com/api/v3/coins/liquid-staked-ethereum/ohlc?vs_currency=usd&days=max
2025-11-13 01:48:11,548 - utils.csv_manager - INFO - Saved 1 metrics records for liquid-staked-ethereum
2025-11-13 01:48:11,548 - filters.data_fill_filter - INFO - Successfully processed liquid-staked-ethereum
2025-11-13 01:48:26,549 - filters.data_fill_filter - INFO - Processing sei-network - Sei
2025-11-13 01:48:27,559 - filters.data_fill_filter - ERROR - Error downloading historical data for sei-network: 401 Client Error: Unauthorized for url: https://api.coingecko.com/api/v3/coins/sei-network/ohlc?vs_currency=usd&days=max
2025-11-13 01:48:28,685 - utils.csv_manager - INFO - Saved 1 metrics records for sei-network
2025-11-13 01:48:28,687 - filters.data_fill_filter - INFO - Successfully processed sei-network
2025-11-13 01:48:43,688 - filters.data_fill_filter - INFO - Processing nexo - NEXO
2025-11-13 01:48:44,899 - filters.data_fill_filter - ERROR - Error downloading historical data for nexo: 401 Client Error: Unauthorized for url: https://api.coingecko.com/api/v3/coins/nexo/ohlc?vs_currency=usd&days=max
2025-11-13 01:48:45,847 - filters.data_fill_filter - ERROR - Error downloading current metrics for nexo: 429 Client Error: Too Many Requests for url: https://api.coingecko.com/api/v3/coins/nexo?localization=false&tickers=false&market_data=true&community_data=false&developer_data=false
2025-11-13 01:48:45,851 - filters.data_fill_filter - INFO - Successfully processed nexo
2025-11-13 01:49:00,852 - filters.data_fill_filter - INFO - Processing jupiter-exchange-solana - Jupiter
2025-11-13 01:49:01,756 - filters.data_fill_filter - ERROR - Error downloading historical data for jupiter-exchange-solana: 429 Client Error: Too Many Requests for url: https://api.coingecko.com/api/v3/coins/jupiter-exchange-solana/ohlc?vs_currency=usd&days=max
2025-11-13 01:49:02,671 - filters.data_fill_filter - ERROR - Error downloading current metrics for jupiter-exchange-solana: 429 Client Error: Too Many Requests for url: https://api.coingecko.com/api/v3/coins/jupiter-exchange-solana?localization=false&tickers=false&market_data=true&community_data=false&developer_data=false
2025-11-13 01:49:02,676 - filters.data_fill_filter - INFO - Successfully processed jupiter-exchange-solana
2025-11-13 01:49:17,677 - filters.data_fill_filter - INFO - Processing morpho - Morpho
2025-11-13 01:49:18,759 - filters.data_fill_filter - ERROR - Error downloading historical data for morpho: 429 Client Error: Too Many Requests for url: https://api.coingecko.com/api/v3/coins/morpho/ohlc?vs_currency=usd&days=max
2025-11-13 01:49:19,634 - filters.data_fill_filter - ERROR - Error downloading current metrics for morpho: 429 Client Error: Too Many Requests for url: https://api.coingecko.com/api/v3/coins/morpho?localization=false&tickers=false&market_data=true&community_data=false&developer_data=false
2025-11-13 01:49:19,639 - filters.data_fill_filter - INFO - Successfully processed morpho
2025-11-13 01:49:34,640 - filters.data_fill_filter - INFO - Processing global-dollar - Global Dollar
2025-11-13 01:49:35,672 - filters.data_fill_filter - ERROR - Error downloading historical data for global-dollar: 429 Client Error: Too Many Requests for url: https://api.coingecko.com/api/v3/coins/global-dollar/ohlc?vs_currency=usd&days=max
2025-11-13 01:49:36,526 - filters.data_fill_filter - ERROR - Error downloading current metrics for global-dollar: 429 Client Error: Too Many Requests for url: https://api.coingecko.com/api/v3/coins/global-dollar?localization=false&tickers=false&market_data=true&community_data=false&developer_data=false
2025-11-13 01:49:36,530 - filters.data_fill_filter - INFO - Successfully processed global-dollar
2025-11-13 01:49:51,531 - filters.data_fill_filter - INFO - Processing ripple-usd - Ripple USD
2025-11-13 01:49:52,868 - filters.data_fill_filter - ERROR - Error downloading historical data for ripple-usd: 401 Client Error: Unauthorized for url: https://api.coingecko.com/api/v3/coins/ripple-usd/ohlc?vs_currency=usd&days=max
2025-11-13 01:49:53,941 - utils.csv_manager - INFO - Saved 1 metrics records for ripple-usd
2025-11-13 01:49:53,941 - filters.data_fill_filter - INFO - Successfully processed ripple-usd
2025-11-13 01:50:08,942 - filters.data_fill_filter - INFO - Processing renzo-restaked-eth - Renzo Restaked ETH
2025-11-13 01:50:10,018 - filters.data_fill_filter - ERROR - Error downloading historical data for renzo-restaked-eth: 401 Client Error: Unauthorized for url: https://api.coingecko.com/api/v3/coins/renzo-restaked-eth/ohlc?vs_currency=usd&days=max
2025-11-13 01:50:11,111 - utils.csv_manager - INFO - Saved 1 metrics records for renzo-restaked-eth
2025-11-13 01:50:11,112 - filters.data_fill_filter - INFO - Successfully processed renzo-restaked-eth
2025-11-13 01:50:26,113 - filters.data_fill_filter - INFO - Processing solv-btc - Solv Protocol BTC
2025-11-13 01:50:27,243 - filters.data_fill_filter - ERROR - Error downloading historical data for solv-btc: 401 Client Error: Unauthorized for url: https://api.coingecko.com/api/v3/coins/solv-btc/ohlc?vs_currency=usd&days=max
2025-11-13 01:50:28,298 - utils.csv_manager - INFO - Saved 1 metrics records for solv-btc
2025-11-13 01:50:28,299 - filters.data_fill_filter - INFO - Successfully processed solv-btc
2025-11-13 01:50:43,300 - filters.data_fill_filter - INFO - Processing xdce-crowd-sale - XDC Network
2025-11-13 01:50:44,410 - filters.data_fill_filter - ERROR - Error downloading historical data for xdce-crowd-sale: 401 Client Error: Unauthorized for url: https://api.coingecko.com/api/v3/coins/xdce-crowd-sale/ohlc?vs_currency=usd&days=max
2025-11-13 01:50:45,305 - filters.data_fill_filter - ERROR - Error downloading current metrics for xdce-crowd-sale: 429 Client Error: Too Many Requests for url: https://api.coingecko.com/api/v3/coins/xdce-crowd-sale?localization=false&tickers=false&market_data=true&community_data=false&developer_data=false
2025-11-13 01:50:45,308 - filters.data_fill_filter - INFO - Successfully processed xdce-crowd-sale
2025-11-13 01:51:00,308 - filters.data_fill_filter - INFO - Processing bonk - Bonk
2025-11-13 01:51:01,191 - filters.data_fill_filter - ERROR - Error downloading historical data for bonk: 429 Client Error: Too Many Requests for url: https://api.coingecko.com/api/v3/coins/bonk/ohlc?vs_currency=usd&days=max
2025-11-13 01:51:02,113 - filters.data_fill_filter - ERROR - Error downloading current metrics for bonk: 429 Client Error: Too Many Requests for url: https://api.coingecko.com/api/v3/coins/bonk?localization=false&tickers=false&market_data=true&community_data=false&developer_data=false
2025-11-13 01:51:02,115 - filters.data_fill_filter - INFO - Successfully processed bonk
2025-11-13 01:51:17,117 - filters.data_fill_filter - INFO - Data fill completed: 82 successful
2025-11-13 01:51:17,117 - __main__ - INFO - ✅ FILTER 3 COMPLETED: 82 successful downloads
2025-11-13 01:51:17,117 - utils.timer - INFO - Complete Crypto Exchange Data Pipeline completed in 1427.73 seconds
